#
# A fatal error has been detected by the Java Runtime Environment:
#
#  EXCEPTION_ACCESS_VIOLATION (0xc0000005) at pc=0x00007ff946bb6ab7, pid=19964, tid=24368
#
# JRE version: OpenJDK Runtime Environment Corretto-11.0.17.8.1 (11.0.17+8) (build 11.0.17+8-LTS)
# Java VM: OpenJDK 64-Bit Server VM Corretto-11.0.17.8.1 (11.0.17+8-LTS, mixed mode, tiered, compressed oops, g1 gc, windows-amd64)
# Problematic frame:
# C  [glass.dll+0x26ab7]
#
# No core dump will be written. Minidumps are not enabled by default on client versions of Windows
#
# If you would like to submit a bug report, please visit:
#   https://github.com/corretto/corretto-11/issues/
#

---------------  S U M M A R Y ------------

Command Line: -javaagent:C:\Program Files\JetBrains\IntelliJ IDEA 2022.2.3\lib\idea_rt.jar=51472:C:\Program Files\JetBrains\IntelliJ IDEA 2022.2.3\bin -Dfile.encoding=UTF-8 --module-path=C:\Users\alexa\.m2\repository\org\openjfx\javafx-graphics\17.0.2\javafx-graphics-17.0.2-win.jar;C:\Users\alexa\.m2\repository\org\openjfx\javafx-fxml\17.0.2\javafx-fxml-17.0.2-win.jar;C:\Users\alexa\Projects\mysql-connector-j-8.0.31\mysql-connector-j-8.0.31.jar;C:\Users\alexa\Projects\json-20220924.jar;C:\Users\alexa\.m2\repository\org\json\json\20220924\json-20220924.jar;C:\Users\alexa\.m2\repository\org\openjfx\javafx-controls\17.0.2\javafx-controls-17.0.2-win.jar;C:\Users\alexa\IdeaProjects\FirstFX\target\classes;C:\Users\alexa\.m2\repository\org\openjfx\javafx-base\17.0.2\javafx-base-17.0.2-win.jar -Djdk.module.main=com.example.firstfx com.example.firstfx/com.example.firstfx.HelloApplication

Host: Intel(R) Core(TM) i5-10300H CPU @ 2.50GHz, 8 cores, 7G,  Windows 10 , 64 bit Build 19041 (10.0.19041.2251)
Time: Sat Dec 10 12:30:30 2022 RTZ 2 (s 10 , 64 bit Build 19041 (10.0.19041.2251) elapsed time: 83.743406 seconds (0d 0h 1m 23s)

---------------  T H R E A D  ---------------

Current thread (0x00000263ff3b4800):  VMThread "VM Thread" [stack: 0x00000098bd300000,0x00000098bd400000] [id=24368]

Stack: [0x00000098bd300000,0x00000098bd400000],  sp=0x00000098bd3ff2f0,  free space=1020k
Native frames: (J=compiled Java code, j=interpreted, Vv=VM code, C=native code)
C  [glass.dll+0x26ab7]


siginfo: EXCEPTION_ACCESS_VIOLATION (0xc0000005), reading address 0x0000000000000000


Register to memory mapping:

RIP=0x00007ff946bb6ab7 glass.dll
RAX=0x0 is NULL
RBX=0x00000263ff3f02f8 is a global jni handle
RCX=0x00000263ff3b4800 points into unknown readable memory: 0x00007ff90cb8d5e8 | e8 d5 b8 0c f9 7f 00 00
RDX=0x00000098bd3ff2f0 points into unknown readable memory: 0x0000000000000000 | 00 00 00 00 00 00 00 00
RSP=0x00000098bd3ff2f0 points into unknown readable memory: 0x0000000000000000 | 00 00 00 00 00 00 00 00
RBP=0x0000026393d663d8 points into unknown readable memory: 0x0000fec3acf66451 | 51 64 f6 ac c3 fe 00 00
RSI=0x0000026393d663b0 points into unknown readable memory: 0xfff273b5d1ce6451 | 51 64 ce d1 b5 73 f2 ff
RDI=0x0000fec3acf66451 is an unknown value
R8 =0x0000000000010002 is an unknown value
R9 =0x0000fec3acf66451 is an unknown value
R10=0x0000000000008000 is an unknown value
R11=0x00000098bd3ff280 points into unknown readable memory: 0x0000026393d663b0 | b0 63 d6 93 63 02 00 00
R12=0x00007ff946bb4384 glass.dll
R13=0x00000098bcaff500 is pointing into the stack for thread: 0x00000263942dc800
R14=0x00000098bd3ff3e8 points into unknown readable memory: 0x00000098bd3ff3d0 | d0 f3 3f bd 98 00 00 00
R15=0x0000026393d663b0 points into unknown readable memory: 0xfff273b5d1ce6451 | 51 64 ce d1 b5 73 f2 ff


Registers:
RAX=0x0000000000000000, RBX=0x00000263ff3f02f8, RCX=0x00000263ff3b4800, RDX=0x00000098bd3ff2f0
RSP=0x00000098bd3ff2f0, RBP=0x0000026393d663d8, RSI=0x0000026393d663b0, RDI=0x0000fec3acf66451
R8 =0x0000000000010002, R9 =0x0000fec3acf66451, R10=0x0000000000008000, R11=0x00000098bd3ff280
R12=0x00007ff946bb4384, R13=0x00000098bcaff500, R14=0x00000098bd3ff3e8, R15=0x0000026393d663b0
RIP=0x00007ff946bb6ab7, EFLAGS=0x0000000000010206

Top of Stack: (sp=0x00000098bd3ff2f0)
0x00000098bd3ff2f0:   0000000000000000 0000026393d663b0
0x00000098bd3ff300:   00000098bcaff500 00007ff946bb4384
0x00000098bd3ff310:   0000026393d663b8 00007ff9853642d6
0x00000098bd3ff320:   0000fec3acf66451 0000026300000000
0x00000098bd3ff330:   0000026393d663d8 0000026393d663b0
0x00000098bd3ff340:   fffffffffffffffe 0000000000000000
0x00000098bd3ff350:   0000000000000001 00007ff946b90000
0x00000098bd3ff360:   00000098bd3ff3d8 00007ff9853641fb
0x00000098bd3ff370:   0000000000000000 00000098bd3ff3e8
0x00000098bd3ff380:   00000098bd3ff6b0 00007ff985440e40
0x00000098bd3ff390:   0000000000000001 00007ff9853641b4
0x00000098bd3ff3a0:   0000000000000000 0000000000000001
0x00000098bd3ff3b0:   0000000000000000 00000098bd3ff3d8
0x00000098bd3ff3c0:   00007ff984653000 00007ff946bb4211
0x00000098bd3ff3d0:   00007ff946bca138 00007ff900000002
0x00000098bd3ff3e0:   0000000000000002 00000098bd3ff3d0 

Instructions: (pc=0x00007ff946bb6ab7)
0x00007ff946bb69b7:   8b 4d 58 e8 01 cf ff ff 48 8b 4d 60 e8 f8 ce ff
0x00007ff946bb69c7:   ff 48 8b 95 80 00 00 00 48 8b 8d 18 01 00 00 e8
0x00007ff946bb69d7:   c6 c3 ff ff 33 d2 33 c9 e8 3c e1 ff ff 90 48 89
0x00007ff946bb69e7:   54 24 10 55 48 83 ec 20 48 8b ea 48 b8 00 00 00
0x00007ff946bb69f7:   00 00 00 00 00 48 83 c4 20 5d c3 cc 40 55 48 8b
0x00007ff946bb6a07:   ea 48 8b 01 33 c9 81 38 05 00 00 c0 0f 94 c1 8b
0x00007ff946bb6a17:   c1 5d c3 cc 40 55 48 83 ec 20 48 8b ea 8a 4d 40
0x00007ff946bb6a27:   48 83 c4 20 5d e9 f7 d2 ff ff cc 40 55 48 83 ec
0x00007ff946bb6a37:   20 48 8b ea 8a 4d 20 e8 e5 d2 ff ff 90 48 83 c4
0x00007ff946bb6a47:   20 5d c3 cc 40 55 48 83 ec 20 48 8b ea 48 83 c4
0x00007ff946bb6a57:   20 5d e9 46 d1 ff ff cc 40 55 48 83 ec 30 48 8b
0x00007ff946bb6a67:   ea 48 8b 01 8b 10 48 89 4c 24 28 89 54 24 20 4c
0x00007ff946bb6a77:   8d 0d e7 d5 ff ff 4c 8b 45 70 8b 55 68 48 8b 4d
0x00007ff946bb6a87:   60 e8 87 d0 ff ff 90 48 83 c4 30 5d c3 cc cc cc
0x00007ff946bb6a97:   cc cc cc cc cc cc cc cc cc 40 53 48 83 ec 20 48
0x00007ff946bb6aa7:   8b 1d 83 30 01 00 48 85 db 74 16 e8 09 8b ff ff
0x00007ff946bb6ab7:   4c 8b 00 48 8b d3 48 8b c8 41 ff 90 b0 00 00 00
0x00007ff946bb6ac7:   90 48 83 c4 20 5b c3 cc cc 40 53 48 83 ec 20 48
0x00007ff946bb6ad7:   8b 1d fb 31 01 00 48 85 db 74 57 b8 ff ff ff ff
0x00007ff946bb6ae7:   f0 0f c1 43 10 83 f8 01 75 3d 48 85 db 74 38 48
0x00007ff946bb6af7:   8b 0b 48 85 c9 74 0d ff 15 a4 07 00 00 48 c7 03
0x00007ff946bb6b07:   00 00 00 00 48 8b 4b 08 48 85 c9 74 0d e8 a7 cd
0x00007ff946bb6b17:   ff ff 48 c7 43 08 00 00 00 00 ba 18 00 00 00 48
0x00007ff946bb6b27:   8b cb e8 92 cd ff ff 48 c7 05 9f 31 01 00 00 00
0x00007ff946bb6b37:   00 00 48 83 c4 20 5b c3 cc 40 53 48 83 ec 20 48
0x00007ff946bb6b47:   8b 1d 6b 31 01 00 48 85 db 74 57 b8 ff ff ff ff
0x00007ff946bb6b57:   f0 0f c1 43 10 83 f8 01 75 3d 48 85 db 74 38 48
0x00007ff946bb6b67:   8b 0b 48 85 c9 74 0d ff 15 34 07 00 00 48 c7 03
0x00007ff946bb6b77:   00 00 00 00 48 8b 4b 08 48 85 c9 74 0d e8 37 cd
0x00007ff946bb6b87:   ff ff 48 c7 43 08 00 00 00 00 ba 18 00 00 00 48
0x00007ff946bb6b97:   8b cb e8 22 cd ff ff 48 c7 05 0f 31 01 00 00 00
0x00007ff946bb6ba7:   00 00 48 83 c4 20 5b c3 cc 40 53 48 83 ec 20 48 


Stack slot to memory mapping:
stack at sp + 0 slots: 0x0 is NULL
stack at sp + 1 slots: 0x0000026393d663b0 points into unknown readable memory: 0xfff273b5d1ce6451 | 51 64 ce d1 b5 73 f2 ff
stack at sp + 2 slots: 0x00000098bcaff500 is pointing into the stack for thread: 0x00000263942dc800
stack at sp + 3 slots: 0x00007ff946bb4384 glass.dll
stack at sp + 4 slots: 0x0000026393d663b8 points into unknown readable memory: 0x0000fec3acf66451 | 51 64 f6 ac c3 fe 00 00
stack at sp + 5 slots: 0x00007ff9853642d6 ucrtbase.dll
stack at sp + 6 slots: 0x0000fec3acf66451 is an unknown value
stack at sp + 7 slots: 0x0000026300000000 is an unknown value

VM_Operation (0x00000098bcaff500): Exit, mode: safepoint, requested by thread 0x00000263942dc800


---------------  P R O C E S S  ---------------

Threads class SMR info:
_java_thread_list=0x0000026393e16430, length=19, elements={
0x00000263f13dd800, 0x00000263ff3b6800, 0x00000263ff3b7800, 0x00000263ff3f6800,
0x00000263ff3f8000, 0x00000263ff408000, 0x00000263ff40c800, 0x00000263ff40e000,
0x00000263ff372800, 0x00000263936d7800, 0x0000026393818000, 0x000002639378d800,
0x00000263937cb000, 0x0000026393e96000, 0x0000026393f5d000, 0x000002639a07c000,
0x000002639481e000, 0x000002639aa12800, 0x00000263942dc800
}

Java Threads: ( => current thread )
  0x00000263f13dd800 JavaThread "main" [_thread_blocked, id=5564, stack(0x00000098bcd00000,0x00000098bce00000)]
  0x00000263ff3b6800 JavaThread "Reference Handler" daemon [_thread_blocked, id=10108, stack(0x00000098bd400000,0x00000098bd500000)]
  0x00000263ff3b7800 JavaThread "Finalizer" daemon [_thread_blocked, id=15596, stack(0x00000098bd500000,0x00000098bd600000)]
  0x00000263ff3f6800 JavaThread "Attach Listener" daemon [_thread_blocked, id=21632, stack(0x00000098bd700000,0x00000098bd800000)]
  0x00000263ff3f8000 JavaThread "Service Thread" daemon [_thread_blocked, id=26128, stack(0x00000098bd800000,0x00000098bd900000)]
  0x00000263ff408000 JavaThread "C2 CompilerThread0" daemon [_thread_blocked, id=22908, stack(0x00000098bd900000,0x00000098bda00000)]
  0x00000263ff40c800 JavaThread "C1 CompilerThread0" daemon [_thread_blocked, id=27108, stack(0x00000098bda00000,0x00000098bdb00000)]
  0x00000263ff40e000 JavaThread "Sweeper thread" daemon [_thread_blocked, id=23936, stack(0x00000098bdb00000,0x00000098bdc00000)]
  0x00000263ff372800 JavaThread "Common-Cleaner" daemon [_thread_blocked, id=26252, stack(0x00000098bdc00000,0x00000098bdd00000)]
  0x00000263936d7800 JavaThread "Monitor Ctrl-Break" daemon [_thread_in_native, id=25860, stack(0x00000098bdf00000,0x00000098be000000)]
  0x0000026393818000 JavaThread "QuantumRenderer-0" daemon [_thread_blocked, id=26064, stack(0x00000098be100000,0x00000098be200000)]
  0x000002639378d800 JavaThread "InvokeLaterDispatcher" daemon [_thread_blocked, id=3340, stack(0x00000098be200000,0x00000098be300000)]
  0x00000263937cb000 JavaThread "JavaFX Application Thread" [_thread_in_native, id=5116, stack(0x00000098be300000,0x00000098be400000)]
  0x0000026393e96000 JavaThread "JavaFX-Launcher" [_thread_blocked, id=9868, stack(0x00000098be800000,0x00000098be900000)]
  0x0000026393f5d000 JavaThread "Thread-2" daemon [_thread_in_native, id=25672, stack(0x00000098be700000,0x00000098be800000)]
  0x000002639a07c000 JavaThread "Prism Font Disposer" daemon [_thread_blocked, id=24016, stack(0x00000098bf200000,0x00000098bf300000)]
  0x000002639481e000 JavaThread "Cleaner-0" daemon [_thread_blocked, id=23456, stack(0x00000098bde00000,0x00000098bdf00000)]
  0x000002639aa12800 JavaThread "mysql-cj-abandoned-connection-cleanup" daemon [_thread_blocked, id=13512, stack(0x00000098bf300000,0x00000098bf400000)]
  0x00000263942dc800 JavaThread "SIGINT handler" daemon [_thread_blocked, id=26760, stack(0x00000098bca00000,0x00000098bcb00000)]

Other Threads:
=>0x00000263ff3b4800 VMThread "VM Thread" [stack: 0x00000098bd300000,0x00000098bd400000] [id=24368]
  0x00000263f13f5800 GCTaskThread "GC Thread#0" [stack: 0x00000098bce00000,0x00000098bcf00000] [id=4056]
  0x0000026393e0c800 GCTaskThread "GC Thread#1" [stack: 0x00000098be900000,0x00000098bea00000] [id=27600]
  0x0000026393fab800 GCTaskThread "GC Thread#2" [stack: 0x00000098bea00000,0x00000098beb00000] [id=12316]
  0x0000026394075800 GCTaskThread "GC Thread#3" [stack: 0x00000098beb00000,0x00000098bec00000] [id=5168]
  0x0000026394076000 GCTaskThread "GC Thread#4" [stack: 0x00000098bec00000,0x00000098bed00000] [id=16564]
  0x0000026393e90000 GCTaskThread "GC Thread#5" [stack: 0x00000098bed00000,0x00000098bee00000] [id=27388]
  0x00000263f142a000 ConcurrentGCThread "G1 Main Marker" [stack: 0x00000098bcf00000,0x00000098bd000000] [id=6424]
  0x00000263f142b800 ConcurrentGCThread "G1 Conc#0" [stack: 0x00000098bd000000,0x00000098bd100000] [id=25504]
  0x0000026394487000 ConcurrentGCThread "G1 Conc#1" [stack: 0x00000098bf100000,0x00000098bf200000] [id=17384]
  0x00000263f14bd800 ConcurrentGCThread "G1 Refine#0" [stack: 0x00000098bd100000,0x00000098bd200000] [id=2184]
  0x00000263ff220800 ConcurrentGCThread "G1 Young RemSet Sampling" [stack: 0x00000098bd200000,0x00000098bd300000] [id=13296]

Threads with active compile tasks:

VM state:at safepoint (shutting down)

VM Mutex/Monitor currently owned by a thread:  ([mutex/lock_event])
[0x00000263f13da860] Threads_lock - owner thread: 0x00000263ff3b4800

Heap address: 0x0000000082000000, size: 2016 MB, Compressed Oops mode: 32-bit
Narrow klass base: 0x0000000000000000, Narrow klass shift: 3
Compressed class space size: 1073741824 Address: 0x0000000100000000

Heap:
 garbage-first heap   total 129024K, used 30800K [0x0000000082000000, 0x0000000100000000)
  region size 1024K, 11 young (11264K), 6 survivors (6144K)
 Metaspace       used 34711K, capacity 35768K, committed 35920K, reserved 1081344K
  class space    used 4133K, capacity 4589K, committed 4608K, reserved 1048576K
Heap Regions: E=young(eden), S=young(survivor), O=old, HS=humongous(starts), HC=humongous(continues), CS=collection set, F=free, A=archive, TAMS=top-at-mark-start (previous, next)
|   0|0x0000000082000000, 0x0000000082100000, 0x0000000082100000|100%| O|  |TAMS 0x0000000082036a00, 0x0000000082000000| Untracked 
|   1|0x0000000082100000, 0x0000000082200000, 0x0000000082200000|100%|HS|  |TAMS 0x0000000082100000, 0x0000000082100000| Complete 
|   2|0x0000000082200000, 0x0000000082300000, 0x0000000082300000|100%|HC|  |TAMS 0x0000000082200000, 0x0000000082200000| Complete 
|   3|0x0000000082300000, 0x0000000082400000, 0x0000000082400000|100%|HS|  |TAMS 0x0000000082300000, 0x0000000082300000| Complete 
|   4|0x0000000082400000, 0x0000000082500000, 0x0000000082500000|100%|HC|  |TAMS 0x0000000082400000, 0x0000000082400000| Complete 
|   5|0x0000000082500000, 0x0000000082600000, 0x0000000082600000|100%|HC|  |TAMS 0x0000000082500000, 0x0000000082500000| Complete 
|   6|0x0000000082600000, 0x0000000082700000, 0x0000000082700000|100%|HC|  |TAMS 0x0000000082600000, 0x0000000082600000| Complete 
|   7|0x0000000082700000, 0x0000000082800000, 0x0000000082800000|100%|HC|  |TAMS 0x0000000082700000, 0x0000000082700000| Complete 
|   8|0x0000000082800000, 0x0000000082900000, 0x0000000082900000|100%|HS|  |TAMS 0x0000000082800000, 0x0000000082800000| Complete 
|   9|0x0000000082900000, 0x0000000082a00000, 0x0000000082a00000|100%|HC|  |TAMS 0x0000000082900000, 0x0000000082900000| Complete 
|  10|0x0000000082a00000, 0x0000000082b00000, 0x0000000082b00000|100%|HC|  |TAMS 0x0000000082a00000, 0x0000000082a00000| Complete 
|  11|0x0000000082b00000, 0x0000000082c00000, 0x0000000082c00000|100%|HC|  |TAMS 0x0000000082b00000, 0x0000000082b00000| Complete 
|  12|0x0000000082c00000, 0x0000000082d00000, 0x0000000082d00000|100%|HS|  |TAMS 0x0000000082c00000, 0x0000000082c00000| Complete 
|  13|0x0000000082d00000, 0x0000000082e00000, 0x0000000082e00000|100%|HC|  |TAMS 0x0000000082d00000, 0x0000000082d00000| Complete 
|  14|0x0000000082e00000, 0x0000000082f00000, 0x0000000082f00000|100%| O|  |TAMS 0x0000000082e00000, 0x0000000082e00000| Untracked 
|  15|0x0000000082f00000, 0x0000000083000000, 0x0000000083000000|100%| O|  |TAMS 0x0000000082f00000, 0x0000000082f00000| Untracked 
|  16|0x0000000083000000, 0x0000000083100000, 0x0000000083100000|100%| O|  |TAMS 0x0000000083000000, 0x0000000083000000| Untracked 
|  17|0x0000000083100000, 0x0000000083200000, 0x0000000083200000|100%| O|  |TAMS 0x0000000083100000, 0x0000000083100000| Untracked 
|  18|0x0000000083200000, 0x0000000083300000, 0x0000000083300000|100%| O|  |TAMS 0x0000000083200000, 0x0000000083200000| Untracked 
|  19|0x0000000083300000, 0x0000000083400000, 0x0000000083400000|100%| O|  |TAMS 0x0000000083300000, 0x0000000083300000| Untracked 
|  20|0x0000000083400000, 0x0000000083414200, 0x0000000083500000|  7%| O|  |TAMS 0x0000000083400000, 0x0000000083400000| Untracked 
|  21|0x0000000083500000, 0x0000000083500000, 0x0000000083600000|  0%| F|  |TAMS 0x0000000083500000, 0x0000000083500000| Untracked 
|  22|0x0000000083600000, 0x0000000083600000, 0x0000000083700000|  0%| F|  |TAMS 0x0000000083600000, 0x0000000083600000| Untracked 
|  23|0x0000000083700000, 0x0000000083700000, 0x0000000083800000|  0%| F|  |TAMS 0x0000000083700000, 0x0000000083700000| Untracked 
|  24|0x0000000083800000, 0x0000000083800000, 0x0000000083900000|  0%| F|  |TAMS 0x0000000083800000, 0x0000000083800000| Untracked 
|  25|0x0000000083900000, 0x0000000083900000, 0x0000000083a00000|  0%| F|  |TAMS 0x0000000083900000, 0x0000000083900000| Untracked 
|  26|0x0000000083a00000, 0x0000000083a00000, 0x0000000083b00000|  0%| F|  |TAMS 0x0000000083a00000, 0x0000000083a00000| Untracked 
|  27|0x0000000083b00000, 0x0000000083b00000, 0x0000000083c00000|  0%| F|  |TAMS 0x0000000083b00000, 0x0000000083b00000| Untracked 
|  28|0x0000000083c00000, 0x0000000083c00000, 0x0000000083d00000|  0%| F|  |TAMS 0x0000000083c00000, 0x0000000083c00000| Untracked 
|  29|0x0000000083d00000, 0x0000000083d00000, 0x0000000083e00000|  0%| F|  |TAMS 0x0000000083d00000, 0x0000000083d00000| Untracked 
|  30|0x0000000083e00000, 0x0000000083e00000, 0x0000000083f00000|  0%| F|  |TAMS 0x0000000083e00000, 0x0000000083e00000| Untracked 
|  31|0x0000000083f00000, 0x0000000083f00000, 0x0000000084000000|  0%| F|  |TAMS 0x0000000083f00000, 0x0000000083f00000| Untracked 
|  32|0x0000000084000000, 0x0000000084000000, 0x0000000084100000|  0%| F|  |TAMS 0x0000000084000000, 0x0000000084000000| Untracked 
|  33|0x0000000084100000, 0x0000000084100000, 0x0000000084200000|  0%| F|  |TAMS 0x0000000084100000, 0x0000000084100000| Untracked 
|  34|0x0000000084200000, 0x0000000084200000, 0x0000000084300000|  0%| F|  |TAMS 0x0000000084200000, 0x0000000084200000| Untracked 
|  35|0x0000000084300000, 0x0000000084300000, 0x0000000084400000|  0%| F|  |TAMS 0x0000000084300000, 0x0000000084300000| Untracked 
|  36|0x0000000084400000, 0x0000000084400000, 0x0000000084500000|  0%| F|  |TAMS 0x0000000084400000, 0x0000000084400000| Untracked 
|  37|0x0000000084500000, 0x0000000084500000, 0x0000000084600000|  0%| F|  |TAMS 0x0000000084500000, 0x0000000084500000| Untracked 
|  38|0x0000000084600000, 0x0000000084600000, 0x0000000084700000|  0%| F|  |TAMS 0x0000000084600000, 0x0000000084600000| Untracked 
|  39|0x0000000084700000, 0x0000000084700000, 0x0000000084800000|  0%| F|  |TAMS 0x0000000084700000, 0x0000000084700000| Untracked 
|  40|0x0000000084800000, 0x0000000084800000, 0x0000000084900000|  0%| F|  |TAMS 0x0000000084800000, 0x0000000084800000| Untracked 
|  41|0x0000000084900000, 0x0000000084900000, 0x0000000084a00000|  0%| F|  |TAMS 0x0000000084900000, 0x0000000084900000| Untracked 
|  42|0x0000000084a00000, 0x0000000084a00000, 0x0000000084b00000|  0%| F|  |TAMS 0x0000000084a00000, 0x0000000084a00000| Untracked 
|  43|0x0000000084b00000, 0x0000000084b00000, 0x0000000084c00000|  0%| F|  |TAMS 0x0000000084b00000, 0x0000000084b00000| Untracked 
|  44|0x0000000084c00000, 0x0000000084c00000, 0x0000000084d00000|  0%| F|  |TAMS 0x0000000084c00000, 0x0000000084c00000| Untracked 
|  45|0x0000000084d00000, 0x0000000084d00000, 0x0000000084e00000|  0%| F|  |TAMS 0x0000000084d00000, 0x0000000084d00000| Untracked 
|  46|0x0000000084e00000, 0x0000000084e00000, 0x0000000084f00000|  0%| F|  |TAMS 0x0000000084e00000, 0x0000000084e00000| Untracked 
|  47|0x0000000084f00000, 0x0000000084f00000, 0x0000000085000000|  0%| F|  |TAMS 0x0000000084f00000, 0x0000000084f00000| Untracked 
|  48|0x0000000085000000, 0x0000000085000000, 0x0000000085100000|  0%| F|  |TAMS 0x0000000085000000, 0x0000000085000000| Untracked 
|  49|0x0000000085100000, 0x0000000085100000, 0x0000000085200000|  0%| F|  |TAMS 0x0000000085100000, 0x0000000085100000| Untracked 
|  50|0x0000000085200000, 0x0000000085200000, 0x0000000085300000|  0%| F|  |TAMS 0x0000000085200000, 0x0000000085200000| Untracked 
|  51|0x0000000085300000, 0x0000000085300000, 0x0000000085400000|  0%| F|  |TAMS 0x0000000085300000, 0x0000000085300000| Untracked 
|  52|0x0000000085400000, 0x0000000085400000, 0x0000000085500000|  0%| F|  |TAMS 0x0000000085400000, 0x0000000085400000| Untracked 
|  53|0x0000000085500000, 0x0000000085500000, 0x0000000085600000|  0%| F|  |TAMS 0x0000000085500000, 0x0000000085500000| Untracked 
|  54|0x0000000085600000, 0x0000000085600000, 0x0000000085700000|  0%| F|  |TAMS 0x0000000085600000, 0x0000000085600000| Untracked 
|  55|0x0000000085700000, 0x0000000085700000, 0x0000000085800000|  0%| F|  |TAMS 0x0000000085700000, 0x0000000085700000| Untracked 
|  56|0x0000000085800000, 0x0000000085800000, 0x0000000085900000|  0%| F|  |TAMS 0x0000000085800000, 0x0000000085800000| Untracked 
|  57|0x0000000085900000, 0x0000000085900000, 0x0000000085a00000|  0%| F|  |TAMS 0x0000000085900000, 0x0000000085900000| Untracked 
|  58|0x0000000085a00000, 0x0000000085a00000, 0x0000000085b00000|  0%| F|  |TAMS 0x0000000085a00000, 0x0000000085a00000| Untracked 
|  59|0x0000000085b00000, 0x0000000085b00000, 0x0000000085c00000|  0%| F|  |TAMS 0x0000000085b00000, 0x0000000085b00000| Untracked 
|  60|0x0000000085c00000, 0x0000000085c00000, 0x0000000085d00000|  0%| F|  |TAMS 0x0000000085c00000, 0x0000000085c00000| Untracked 
|  61|0x0000000085d00000, 0x0000000085d00000, 0x0000000085e00000|  0%| F|  |TAMS 0x0000000085d00000, 0x0000000085d00000| Untracked 
|  62|0x0000000085e00000, 0x0000000085e00000, 0x0000000085f00000|  0%| F|  |TAMS 0x0000000085e00000, 0x0000000085e00000| Untracked 
|  63|0x0000000085f00000, 0x0000000085f00000, 0x0000000086000000|  0%| F|  |TAMS 0x0000000085f00000, 0x0000000085f00000| Untracked 
|  64|0x0000000086000000, 0x0000000086000000, 0x0000000086100000|  0%| F|  |TAMS 0x0000000086000000, 0x0000000086000000| Untracked 
|  65|0x0000000086100000, 0x0000000086100000, 0x0000000086200000|  0%| F|  |TAMS 0x0000000086100000, 0x0000000086100000| Untracked 
|  66|0x0000000086200000, 0x0000000086200000, 0x0000000086300000|  0%| F|  |TAMS 0x0000000086200000, 0x0000000086200000| Untracked 
|  67|0x0000000086300000, 0x0000000086300000, 0x0000000086400000|  0%| F|  |TAMS 0x0000000086300000, 0x0000000086300000| Untracked 
|  68|0x0000000086400000, 0x0000000086400000, 0x0000000086500000|  0%| F|  |TAMS 0x0000000086400000, 0x0000000086400000| Untracked 
|  69|0x0000000086500000, 0x0000000086500000, 0x0000000086600000|  0%| F|  |TAMS 0x0000000086500000, 0x0000000086500000| Untracked 
|  70|0x0000000086600000, 0x0000000086600000, 0x0000000086700000|  0%| F|  |TAMS 0x0000000086600000, 0x0000000086600000| Untracked 
|  71|0x0000000086700000, 0x0000000086700000, 0x0000000086800000|  0%| F|  |TAMS 0x0000000086700000, 0x0000000086700000| Untracked 
|  72|0x0000000086800000, 0x0000000086800000, 0x0000000086900000|  0%| F|  |TAMS 0x0000000086800000, 0x0000000086800000| Untracked 
|  73|0x0000000086900000, 0x0000000086a00000, 0x0000000086a00000|100%| S|CS|TAMS 0x0000000086900000, 0x0000000086900000| Complete 
|  74|0x0000000086a00000, 0x0000000086b00000, 0x0000000086b00000|100%| S|CS|TAMS 0x0000000086a00000, 0x0000000086a00000| Complete 
|  75|0x0000000086b00000, 0x0000000086c00000, 0x0000000086c00000|100%| S|CS|TAMS 0x0000000086b00000, 0x0000000086b00000| Complete 
|  76|0x0000000086c00000, 0x0000000086d00000, 0x0000000086d00000|100%| S|CS|TAMS 0x0000000086c00000, 0x0000000086c00000| Complete 
|  77|0x0000000086d00000, 0x0000000086e00000, 0x0000000086e00000|100%| S|CS|TAMS 0x0000000086d00000, 0x0000000086d00000| Complete 
|  78|0x0000000086e00000, 0x0000000086f00000, 0x0000000086f00000|100%| S|CS|TAMS 0x0000000086e00000, 0x0000000086e00000| Complete 
|  79|0x0000000086f00000, 0x0000000086f00000, 0x0000000087000000|  0%| F|  |TAMS 0x0000000086f00000, 0x0000000086f00000| Untracked 
|  80|0x0000000087000000, 0x0000000087000000, 0x0000000087100000|  0%| F|  |TAMS 0x0000000087000000, 0x0000000087000000| Untracked 
|  81|0x0000000087100000, 0x0000000087100000, 0x0000000087200000|  0%| F|  |TAMS 0x0000000087100000, 0x0000000087100000| Untracked 
|  82|0x0000000087200000, 0x0000000087200000, 0x0000000087300000|  0%| F|  |TAMS 0x0000000087200000, 0x0000000087200000| Untracked 
|  83|0x0000000087300000, 0x0000000087300000, 0x0000000087400000|  0%| F|  |TAMS 0x0000000087300000, 0x0000000087300000| Untracked 
|  84|0x0000000087400000, 0x0000000087400000, 0x0000000087500000|  0%| F|  |TAMS 0x0000000087400000, 0x0000000087400000| Untracked 
|  85|0x0000000087500000, 0x0000000087500000, 0x0000000087600000|  0%| F|  |TAMS 0x0000000087500000, 0x0000000087500000| Untracked 
|  86|0x0000000087600000, 0x0000000087600000, 0x0000000087700000|  0%| F|  |TAMS 0x0000000087600000, 0x0000000087600000| Untracked 
|  87|0x0000000087700000, 0x0000000087700000, 0x0000000087800000|  0%| F|  |TAMS 0x0000000087700000, 0x0000000087700000| Untracked 
|  88|0x0000000087800000, 0x0000000087800000, 0x0000000087900000|  0%| F|  |TAMS 0x0000000087800000, 0x0000000087800000| Untracked 
|  89|0x0000000087900000, 0x0000000087900000, 0x0000000087a00000|  0%| F|  |TAMS 0x0000000087900000, 0x0000000087900000| Untracked 
|  90|0x0000000087a00000, 0x0000000087a00000, 0x0000000087b00000|  0%| F|  |TAMS 0x0000000087a00000, 0x0000000087a00000| Untracked 
|  91|0x0000000087b00000, 0x0000000087b00000, 0x0000000087c00000|  0%| F|  |TAMS 0x0000000087b00000, 0x0000000087b00000| Untracked 
|  92|0x0000000087c00000, 0x0000000087c00000, 0x0000000087d00000|  0%| F|  |TAMS 0x0000000087c00000, 0x0000000087c00000| Untracked 
|  93|0x0000000087d00000, 0x0000000087d00000, 0x0000000087e00000|  0%| F|  |TAMS 0x0000000087d00000, 0x0000000087d00000| Untracked 
|  94|0x0000000087e00000, 0x0000000087e00000, 0x0000000087f00000|  0%| F|  |TAMS 0x0000000087e00000, 0x0000000087e00000| Untracked 
|  95|0x0000000087f00000, 0x0000000087f00000, 0x0000000088000000|  0%| F|  |TAMS 0x0000000087f00000, 0x0000000087f00000| Untracked 
|  96|0x0000000088000000, 0x0000000088000000, 0x0000000088100000|  0%| F|  |TAMS 0x0000000088000000, 0x0000000088000000| Untracked 
|  97|0x0000000088100000, 0x0000000088100000, 0x0000000088200000|  0%| F|  |TAMS 0x0000000088100000, 0x0000000088100000| Untracked 
|  98|0x0000000088200000, 0x0000000088200000, 0x0000000088300000|  0%| F|  |TAMS 0x0000000088200000, 0x0000000088200000| Untracked 
|  99|0x0000000088300000, 0x0000000088300000, 0x0000000088400000|  0%| F|  |TAMS 0x0000000088300000, 0x0000000088300000| Untracked 
| 100|0x0000000088400000, 0x0000000088400000, 0x0000000088500000|  0%| F|  |TAMS 0x0000000088400000, 0x0000000088400000| Untracked 
| 101|0x0000000088500000, 0x0000000088500000, 0x0000000088600000|  0%| F|  |TAMS 0x0000000088500000, 0x0000000088500000| Untracked 
| 102|0x0000000088600000, 0x0000000088600000, 0x0000000088700000|  0%| F|  |TAMS 0x0000000088600000, 0x0000000088600000| Untracked 
| 103|0x0000000088700000, 0x0000000088700000, 0x0000000088800000|  0%| F|  |TAMS 0x0000000088700000, 0x0000000088700000| Untracked 
| 104|0x0000000088800000, 0x0000000088800000, 0x0000000088900000|  0%| F|  |TAMS 0x0000000088800000, 0x0000000088800000| Untracked 
| 105|0x0000000088900000, 0x0000000088900000, 0x0000000088a00000|  0%| F|  |TAMS 0x0000000088900000, 0x0000000088900000| Untracked 
| 106|0x0000000088a00000, 0x0000000088a00000, 0x0000000088b00000|  0%| F|  |TAMS 0x0000000088a00000, 0x0000000088a00000| Untracked 
| 107|0x0000000088b00000, 0x0000000088b00000, 0x0000000088c00000|  0%| F|  |TAMS 0x0000000088b00000, 0x0000000088b00000| Untracked 
| 108|0x0000000088c00000, 0x0000000088c00000, 0x0000000088d00000|  0%| F|  |TAMS 0x0000000088c00000, 0x0000000088c00000| Untracked 
| 109|0x0000000088d00000, 0x0000000088d00000, 0x0000000088e00000|  0%| F|  |TAMS 0x0000000088d00000, 0x0000000088d00000| Untracked 
| 110|0x0000000088e00000, 0x0000000088e00000, 0x0000000088f00000|  0%| F|  |TAMS 0x0000000088e00000, 0x0000000088e00000| Untracked 
| 111|0x0000000088f00000, 0x0000000088f00000, 0x0000000089000000|  0%| F|  |TAMS 0x0000000088f00000, 0x0000000088f00000| Untracked 
| 112|0x0000000089000000, 0x0000000089000000, 0x0000000089100000|  0%| F|  |TAMS 0x0000000089000000, 0x0000000089000000| Untracked 
| 113|0x0000000089100000, 0x0000000089100000, 0x0000000089200000|  0%| F|  |TAMS 0x0000000089100000, 0x0000000089100000| Untracked 
| 114|0x0000000089200000, 0x0000000089200000, 0x0000000089300000|  0%| F|  |TAMS 0x0000000089200000, 0x0000000089200000| Untracked 
| 115|0x0000000089300000, 0x0000000089300000, 0x0000000089400000|  0%| F|  |TAMS 0x0000000089300000, 0x0000000089300000| Untracked 
| 116|0x0000000089400000, 0x0000000089400000, 0x0000000089500000|  0%| F|  |TAMS 0x0000000089400000, 0x0000000089400000| Untracked 
| 117|0x0000000089500000, 0x0000000089500000, 0x0000000089600000|  0%| F|  |TAMS 0x0000000089500000, 0x0000000089500000| Untracked 
| 118|0x0000000089600000, 0x0000000089600000, 0x0000000089700000|  0%| F|  |TAMS 0x0000000089600000, 0x0000000089600000| Untracked 
| 119|0x0000000089700000, 0x0000000089700000, 0x0000000089800000|  0%| F|  |TAMS 0x0000000089700000, 0x0000000089700000| Untracked 
| 120|0x0000000089800000, 0x0000000089800000, 0x0000000089900000|  0%| F|  |TAMS 0x0000000089800000, 0x0000000089800000| Untracked 
| 121|0x0000000089900000, 0x0000000089978d70, 0x0000000089a00000| 47%| E|  |TAMS 0x0000000089900000, 0x0000000089900000| Complete 
| 122|0x0000000089a00000, 0x0000000089b00000, 0x0000000089b00000|100%| E|CS|TAMS 0x0000000089a00000, 0x0000000089a00000| Complete 
| 123|0x0000000089b00000, 0x0000000089c00000, 0x0000000089c00000|100%| E|CS|TAMS 0x0000000089b00000, 0x0000000089b00000| Complete 
| 124|0x0000000089c00000, 0x0000000089d00000, 0x0000000089d00000|100%| E|CS|TAMS 0x0000000089c00000, 0x0000000089c00000| Complete 
| 125|0x0000000089d00000, 0x0000000089e00000, 0x0000000089e00000|100%| E|CS|TAMS 0x0000000089d00000, 0x0000000089d00000| Complete 

Card table byte_map: [0x00000263fc190000,0x00000263fc580000] _byte_map_base: 0x00000263fbd80000

Marking Bits (Prev, Next): (CMBitMap*) 0x00000263f1421830, (CMBitMap*) 0x00000263f14217f8
 Prev Bits: [0x000002638f000000, 0x0000026390f80000)
 Next Bits: [0x00000263fc970000, 0x00000263fe8f0000)

Polling page: 0x00000263f14c0000

Metaspace:

Usage:
  Non-class:     30.45 MB capacity,    29.86 MB ( 98%) used,   480.64 KB (  2%) free+waste,   120.38 KB ( <1%) overhead. 
      Class:      4.48 MB capacity,     4.04 MB ( 90%) used,   394.86 KB (  9%) free+waste,    60.56 KB (  1%) overhead. 
       Both:     34.93 MB capacity,    33.90 MB ( 97%) used,   875.50 KB (  2%) free+waste,   180.94 KB ( <1%) overhead. 

Virtual space:
  Non-class space:       32.00 MB reserved,      30.58 MB ( 96%) committed 
      Class space:        1.00 GB reserved,       4.50 MB ( <1%) committed 
             Both:        1.03 GB reserved,      35.08 MB (  3%) committed 

Chunk freelists:
   Non-Class:  37.00 KB
       Class:  19.00 KB
        Both:  56.00 KB

MaxMetaspaceSize: 17179869184.00 GB
CompressedClassSpaceSize: 1.00 GB
Initial GC threshold: 20.80 MB
Current GC threshold: 35.08 MB
CDS: off

CodeHeap 'non-profiled nmethods': size=120000Kb used=1689Kb max_used=1689Kb free=118310Kb
 bounds [0x0000026387ad0000, 0x0000026387d40000, 0x000002638f000000]
CodeHeap 'profiled nmethods': size=120000Kb used=7265Kb max_used=7265Kb free=112735Kb
 bounds [0x00000263805a0000, 0x0000026380cc0000, 0x0000026387ad0000]
CodeHeap 'non-nmethods': size=5760Kb used=1518Kb max_used=1533Kb free=4241Kb
 bounds [0x0000026380000000, 0x0000026380270000, 0x00000263805a0000]
 total_blobs=4599 nmethods=3724 adapters=786
 compilation: enabled
              stopped_count=0, restarted_count=0
 full_count=0

Compilation events (20 events):
Event: 20.478 Thread 0x00000263ff40c800 3715       3       java.util.EnumMap::values (25 bytes)
Event: 20.478 Thread 0x00000263ff40c800 nmethod 3715 0x0000026380cb3710 code [0x0000026380cb38e0, 0x0000026380cb3c58]
Event: 21.340 Thread 0x00000263ff408000 3716       4       com.sun.glass.ui.Application::checkEventThread (35 bytes)
Event: 21.340 Thread 0x00000263ff408000 nmethod 3716 0x0000026387c74e90 code [0x0000026387c75020, 0x0000026387c75098]
Event: 21.356 Thread 0x00000263ff408000 3717       4       com.sun.javafx.collections.VetoableListDecorator::get (11 bytes)
Event: 21.357 Thread 0x00000263ff408000 nmethod 3717 0x0000026387c75190 code [0x0000026387c75340, 0x0000026387c75478]
Event: 21.576 Thread 0x00000263ff40c800 3718       3       javafx.beans.property.DoubleProperty::<init> (5 bytes)
Event: 21.576 Thread 0x00000263ff40c800 nmethod 3718 0x0000026380cb3d90 code [0x0000026380cb3f60, 0x0000026380cb41d8]
Event: 21.576 Thread 0x00000263ff40c800 3719       3       javafx.beans.property.DoublePropertyBase::fireValueChangedEvent (8 bytes)
Event: 21.576 Thread 0x00000263ff40c800 nmethod 3719 0x0000026380cb4310 code [0x0000026380cb44e0, 0x0000026380cb4728]
Event: 21.980 Thread 0x00000263ff40c800 3720       3       javafx.scene.control.SkinBase$$Lambda$249/0x000000010027d840::handle (8 bytes)
Event: 21.980 Thread 0x00000263ff40c800 nmethod 3720 0x0000026380cb4810 code [0x0000026380cb49e0, 0x0000026380cb4d18]
Event: 21.980 Thread 0x00000263ff40c800 3721       3       javafx.scene.control.SkinBase::lambda$static$0 (5 bytes)
Event: 21.980 Thread 0x00000263ff40c800 nmethod 3721 0x0000026380cb4e90 code [0x0000026380cb5040, 0x0000026380cb51f8]
Event: 21.989 Thread 0x00000263ff408000 3722       4       javafx.scene.Node::getLocalBounds (162 bytes)
Event: 21.995 Thread 0x00000263ff408000 nmethod 3722 0x0000026387c75610 code [0x0000026387c75840, 0x0000026387c75fb0]
Event: 30.432 Thread 0x00000263ff40c800 3723  s!   3       jdk.internal.loader.URLClassPath::getLoader (194 bytes)
Event: 30.433 Thread 0x00000263ff40c800 nmethod 3723 0x0000026380cb5310 code [0x0000026380cb56a0, 0x0000026380cb71c8]
Event: 70.437 Thread 0x00000263ff40c800 3724       3       java.lang.String::lastIndexOf (12 bytes)
Event: 70.437 Thread 0x00000263ff40c800 nmethod 3724 0x0000026380cb7c90 code [0x0000026380cb7e80, 0x0000026380cb8258]

GC Heap History (6 events):
Event: 0.786 GC heap before
{Heap before GC invocations=0 (full 0):
 garbage-first heap   total 129024K, used 23552K [0x0000000082000000, 0x0000000100000000)
  region size 1024K, 24 young (24576K), 0 survivors (0K)
 Metaspace       used 12149K, capacity 12499K, committed 12672K, reserved 1060864K
  class space    used 1255K, capacity 1406K, committed 1408K, reserved 1048576K
}
Event: 0.789 GC heap after
{Heap after GC invocations=1 (full 0):
 garbage-first heap   total 129024K, used 3290K [0x0000000082000000, 0x0000000100000000)
  region size 1024K, 3 young (3072K), 3 survivors (3072K)
 Metaspace       used 12149K, capacity 12499K, committed 12672K, reserved 1060864K
  class space    used 1255K, capacity 1406K, committed 1408K, reserved 1048576K
}
Event: 1.447 GC heap before
{Heap before GC invocations=1 (full 0):
 garbage-first heap   total 129024K, used 29914K [0x0000000082000000, 0x0000000100000000)
  region size 1024K, 30 young (30720K), 3 survivors (3072K)
 Metaspace       used 20571K, capacity 21193K, committed 21296K, reserved 1069056K
  class space    used 2387K, capacity 2638K, committed 2688K, reserved 1048576K
}
Event: 1.455 GC heap after
{Heap after GC invocations=2 (full 0):
 garbage-first heap   total 129024K, used 7247K [0x0000000082000000, 0x0000000100000000)
  region size 1024K, 7 young (7168K), 7 survivors (7168K)
 Metaspace       used 20571K, capacity 21193K, committed 21296K, reserved 1069056K
  class space    used 2387K, capacity 2638K, committed 2688K, reserved 1048576K
}
Event: 16.290 GC heap before
{Heap before GC invocations=3 (full 0):
 garbage-first heap   total 129024K, used 60495K [0x0000000082000000, 0x0000000100000000)
  region size 1024K, 47 young (48128K), 7 survivors (7168K)
 Metaspace       used 33913K, capacity 34880K, committed 35248K, reserved 1079296K
  class space    used 4060K, capacity 4486K, committed 4608K, reserved 1048576K
}
Event: 16.301 GC heap after
{Heap after GC invocations=4 (full 0):
 garbage-first heap   total 129024K, used 26704K [0x0000000082000000, 0x0000000100000000)
  region size 1024K, 6 young (6144K), 6 survivors (6144K)
 Metaspace       used 33913K, capacity 34880K, committed 35248K, reserved 1079296K
  class space    used 4060K, capacity 4486K, committed 4608K, reserved 1048576K
}

Deoptimization events (20 events):
Event: 16.312 Thread 0x00000263937cb000 Uncommon trap: trap_request=0xffffffde fr.pc=0x0000026387b8c60c relative=0x0000000000001b2c
Event: 16.312 Thread 0x00000263937cb000 Uncommon trap: reason=class_check action=maybe_recompile pc=0x0000026387b8c60c method=java.util.zip.InflaterInputStream.read([BII)I @ 100 c2
Event: 16.312 Thread 0x00000263937cb000 DEOPT PACKING pc=0x0000026387b8c60c sp=0x00000098be3f2620
Event: 16.312 Thread 0x00000263937cb000 DEOPT UNPACKING pc=0x000002638004a1af sp=0x00000098be3f2680 mode 2
Event: 16.312 Thread 0x00000263937cb000 Uncommon trap: trap_request=0xffffffde fr.pc=0x0000026387b8c60c relative=0x0000000000001b2c
Event: 16.312 Thread 0x00000263937cb000 Uncommon trap: reason=class_check action=maybe_recompile pc=0x0000026387b8c60c method=java.util.zip.InflaterInputStream.read([BII)I @ 100 c2
Event: 16.312 Thread 0x00000263937cb000 DEOPT PACKING pc=0x0000026387b8c60c sp=0x00000098be3f2620
Event: 16.312 Thread 0x00000263937cb000 DEOPT UNPACKING pc=0x000002638004a1af sp=0x00000098be3f2680 mode 2
Event: 16.399 Thread 0x00000263937cb000 Uncommon trap: trap_request=0xffffff4d fr.pc=0x0000026387c0fd1c relative=0x000000000000017c
Event: 16.399 Thread 0x00000263937cb000 Uncommon trap: reason=unstable_if action=reinterpret pc=0x0000026387c0fd1c method=java.lang.String.lastIndexOf(II)I @ 4 c2
Event: 16.399 Thread 0x00000263937cb000 DEOPT PACKING pc=0x0000026387c0fd1c sp=0x00000098be3f3630
Event: 16.399 Thread 0x00000263937cb000 DEOPT UNPACKING pc=0x000002638004a1af sp=0x00000098be3f3560 mode 2
Event: 16.451 Thread 0x00000263937cb000 Uncommon trap: trap_request=0xffffff4d fr.pc=0x0000026387c1a9d4 relative=0x0000000000000374
Event: 16.451 Thread 0x00000263937cb000 Uncommon trap: reason=unstable_if action=reinterpret pc=0x0000026387c1a9d4 method=java.lang.Integer.parseInt(Ljava/lang/String;I)I @ 119 c2
Event: 16.451 Thread 0x00000263937cb000 DEOPT PACKING pc=0x0000026387c1a9d4 sp=0x00000098be3f36d0
Event: 16.451 Thread 0x00000263937cb000 DEOPT UNPACKING pc=0x000002638004a1af sp=0x00000098be3f3638 mode 2
Event: 16.459 Thread 0x00000263937cb000 Uncommon trap: trap_request=0xffffff4d fr.pc=0x0000026387bef75c relative=0x00000000000003fc
Event: 16.459 Thread 0x00000263937cb000 Uncommon trap: reason=unstable_if action=reinterpret pc=0x0000026387bef75c method=java.lang.AbstractStringBuilder.append(C)Ljava/lang/AbstractStringBuilder; @ 14 c2
Event: 16.459 Thread 0x00000263937cb000 DEOPT PACKING pc=0x0000026387bef75c sp=0x00000098be3f2b60
Event: 16.459 Thread 0x00000263937cb000 DEOPT UNPACKING pc=0x000002638004a1af sp=0x00000098be3f2ae8 mode 2

Classes redefined (0 events):
No events

Internal exceptions (20 events):
Event: 1.631 Thread 0x0000026393818000 Exception <a 'java/lang/NoSuchMethodError'{0x00000000895f9180}: 'int java.lang.invoke.DirectMethodHandle$Holder.invokeStaticInit(java.lang.Object, java.lang.Object)'> (0x00000000895f9180) thrown at [./src/hotspot/share/interpreter/linkResolver.cpp, line 773]
Event: 1.636 Thread 0x00000263937cb000 Exception <a 'java/lang/NoSuchMethodError'{0x00000000895b6f20}: 'long java.lang.invoke.DirectMethodHandle$Holder.invokeStaticInit(java.lang.Object, java.lang.Object, java.lang.Object)'> (0x00000000895b6f20) thrown at [./src/hotspot/share/interpreter/linkResolver.cpp, line 773]
Event: 1.639 Thread 0x00000263937cb000 Exception <a 'java/lang/NoSuchMethodError'{0x00000000895cf568}: 'java.lang.Object java.lang.invoke.DirectMethodHandle$Holder.invokeStatic(java.lang.Object, java.lang.Object, long)'> (0x00000000895cf568) thrown at [./src/hotspot/share/interpreter/linkResolver.cpp, line 773]
Event: 1.639 Thread 0x00000263937cb000 Exception <a 'java/lang/NoSuchMethodError'{0x00000000895d56e0}: 'java.lang.Object java.lang.invoke.Invokers$Holder.linkToTargetMethod(java.lang.Object, long, java.lang.Object)'> (0x00000000895d56e0) thrown at [./src/hotspot/share/interpreter/linkResolver.cpp, line 773]
Event: 5.417 Thread 0x00000263937cb000 Exception <a 'java/lang/NoSuchMethodError'{0x0000000088f25468}: 'java.lang.Object java.lang.invoke.DirectMethodHandle$Holder.invokeSpecial(java.lang.Object, java.lang.Object, int, int, int, java.lang.Object, java.lang.Object, java.lang.Object)'> (0x0000000088f25468) thrown at [./src/hotspot/share/interpreter/linkResolver.cpp, line 773]
Event: 5.417 Thread 0x00000263937cb000 Exception <a 'java/lang/NoSuchMethodError'{0x0000000088f28d50}: 'java.lang.Object java.lang.invoke.DelegatingMethodHandle$Holder.reinvoke_L(java.lang.Object, int, int, int, java.lang.Object, java.lang.Object, java.lang.Object)'> (0x0000000088f28d50) thrown at [./src/hotspot/share/interpreter/linkResolver.cpp, line 773]
Event: 5.418 Thread 0x00000263937cb000 Exception <a 'java/lang/NoSuchMethodError'{0x0000000088f306d8}: 'java.lang.Object java.lang.invoke.DirectMethodHandle$Holder.invokeStatic(java.lang.Object, java.lang.Object, java.lang.Object, java.lang.Object, java.lang.Object, int)'> (0x0000000088f306d8) thrown at [./src/hotspot/share/interpreter/linkResolver.cpp, line 773]
Event: 5.431 Thread 0x00000263937cb000 Exception <a 'sun/nio/fs/WindowsException'{0x0000000088fccf00}> (0x0000000088fccf00) thrown at [./src/hotspot/share/prims/jni.cpp, line 617]
Event: 5.455 Thread 0x00000263937cb000 Exception <a 'java/lang/NoSuchMethodError'{0x0000000088d0f4c8}: 'java.lang.Object java.lang.invoke.DirectMethodHandle$Holder.invokeVirtual(java.lang.Object, java.lang.Object, java.lang.Object)'> (0x0000000088d0f4c8) thrown at [./src/hotspot/share/interpreter/linkResolver.cpp, line 773]
Event: 5.615 Thread 0x00000263937cb000 Exception <a 'java/lang/NoSuchMethodError'{0x0000000088534b00}: 'java.lang.Object java.lang.invoke.DirectMethodHandle$Holder.invokeStatic(java.lang.Object, int, int, int, int)'> (0x0000000088534b00) thrown at [./src/hotspot/share/interpreter/linkResolver.cpp, line 773]
Event: 5.616 Thread 0x00000263937cb000 Exception <a 'java/lang/NoSuchMethodError'{0x0000000088538178}: 'java.lang.Object java.lang.invoke.DirectMethodHandle$Holder.invokeStaticInit(java.lang.Object, int, int, int, int)'> (0x0000000088538178) thrown at [./src/hotspot/share/interpreter/linkResolver.cpp, line 773]
Event: 5.616 Thread 0x00000263937cb000 Exception <a 'sun/nio/fs/WindowsException'{0x000000008853e378}> (0x000000008853e378) thrown at [./src/hotspot/share/prims/jni.cpp, line 617]
Event: 5.621 Thread 0x00000263937cb000 Exception <a 'sun/nio/fs/WindowsException'{0x0000000088554a18}> (0x0000000088554a18) thrown at [./src/hotspot/share/prims/jni.cpp, line 617]
Event: 5.624 Thread 0x00000263937cb000 Exception <a 'java/lang/NoSuchMethodError'{0x000000008855eec0}: 'int java.lang.invoke.DirectMethodHandle$Holder.invokeStaticInit(java.lang.Object, java.lang.Object, java.lang.Object, java.lang.Object)'> (0x000000008855eec0) thrown at [./src/hotspot/share/interpreter/linkResolver.cpp, line 773]
Event: 5.763 Thread 0x00000263937cb000 Exception <a 'java/lang/NoSuchMethodError'{0x000000008843d480}: 'java.lang.Object java.lang.invoke.DirectMethodHandle$Holder.invokeStatic(java.lang.Object, java.lang.Object, int, int, int, int)'> (0x000000008843d480) thrown at [./src/hotspot/share/interpreter/linkResolver.cpp, line 773]
Event: 5.763 Thread 0x00000263937cb000 Exception <a 'java/lang/NoSuchMethodError'{0x0000000088440a80}: 'java.lang.Object java.lang.invoke.DirectMethodHandle$Holder.invokeStaticInit(java.lang.Object, java.lang.Object, int, int, int, int)'> (0x0000000088440a80) thrown at [./src/hotspot/share/interpreter/linkResolver.cpp, line 773]
Event: 8.892 Thread 0x00000263937cb000 Exception <a 'java/lang/NoSuchMethodError'{0x0000000087859078}: 'java.lang.Object java.lang.invoke.DirectMethodHandle$Holder.invokeStatic(java.lang.Object, java.lang.Object, int, int, int, int, int, java.lang.Object)'> (0x0000000087859078) thrown at [./src/hotspot/share/interpreter/linkResolver.cpp, line 773]
Event: 8.893 Thread 0x00000263937cb000 Exception <a 'java/lang/NoSuchMethodError'{0x000000008786a4e0}: 'java.lang.Object java.lang.invoke.DirectMethodHandle$Holder.invokeStatic(java.lang.Object, java.lang.Object, java.lang.Object, int, int, int, int, int)'> (0x000000008786a4e0) thrown at [./src/hotspot/share/interpreter/linkResolver.cpp, line 773]
Event: 8.893 Thread 0x00000263937cb000 Exception <a 'java/lang/NoSuchMethodError'{0x00000000878717f0}: 'java.lang.Object java.lang.invoke.Invokers$Holder.linkToTargetMethod(java.lang.Object, java.lang.Object, int, int, int, int, int, java.lang.Object)'> (0x00000000878717f0) thrown at [./src/hotspot/share/interpreter/linkResolver.cpp, line 773]
Event: 83.240 Thread 0x00000263942df000 Exception <a 'java/lang/IllegalStateException'{0x0000000089956368}> (0x0000000089956368) thrown at [./src/hotspot/share/prims/jvm.cpp, line 1310]

Events (20 events):
Event: 83.239 Executing VM operation: RevokeBias
Event: 83.239 Executing VM operation: RevokeBias done
Event: 83.239 Executing VM operation: RevokeBias
Event: 83.239 Executing VM operation: RevokeBias done
Event: 83.239 Executing VM operation: RevokeBias
Event: 83.239 loading class com/sun/javafx/tk/quantum/QuantumRenderer
Event: 83.239 loading class com/sun/javafx/tk/quantum/QuantumRenderer done
Event: 83.239 Executing VM operation: RevokeBias done
Event: 83.239 Executing VM operation: RevokeBias
Event: 83.239 Executing VM operation: RevokeBias done
Event: 83.240 Executing VM operation: RevokeBias
Event: 83.240 Executing VM operation: RevokeBias done
Event: 83.240 Thread 0x00000263942da800 Thread exited: 0x00000263942da800
Event: 83.240 loading class com/sun/javafx/tk/quantum/QuantumToolkit
Event: 83.240 loading class com/sun/javafx/tk/quantum/QuantumToolkit done
Event: 83.240 Thread 0x00000263942df000 Thread exited: 0x00000263942df000
Event: 83.240 Executing VM operation: RevokeBias
Event: 83.241 Executing VM operation: RevokeBias done
Event: 83.241 Thread 0x00000263ff3f6000 Thread exited: 0x00000263ff3f6000
Event: 83.241 Executing VM operation: Exit


Dynamic libraries:
0x00007ff723fe0000 - 0x00007ff723fed000 	C:\Program Files\Amazon Corretto\jdk11.0.17_8\bin\java.exe
0x00007ff987590000 - 0x00007ff987788000 	C:\Windows\SYSTEM32\ntdll.dll
0x00007ff985670000 - 0x00007ff98572f000 	C:\Windows\System32\KERNEL32.DLL
0x00007ff985070000 - 0x00007ff985342000 	C:\Windows\System32\KERNELBASE.dll
0x00007ff985350000 - 0x00007ff985450000 	C:\Windows\System32\ucrtbase.dll
0x00007ff960060000 - 0x00007ff960077000 	C:\Program Files\Amazon Corretto\jdk11.0.17_8\bin\jli.dll
0x00007ff97d520000 - 0x00007ff97d539000 	C:\Program Files\Amazon Corretto\jdk11.0.17_8\bin\VCRUNTIME140.dll
0x00007ff986e90000 - 0x00007ff98702d000 	C:\Windows\System32\USER32.dll
0x00007ff984d00000 - 0x00007ff984d22000 	C:\Windows\System32\win32u.dll
0x00007ff9707e0000 - 0x00007ff970a7a000 	C:\Windows\WinSxS\amd64_microsoft.windows.common-controls_6595b64144ccf1df_6.0.19041.1110_none_60b5254171f9507e\COMCTL32.dll
0x00007ff986010000 - 0x00007ff98603b000 	C:\Windows\System32\GDI32.dll
0x00007ff986a70000 - 0x00007ff986b0e000 	C:\Windows\System32\msvcrt.dll
0x00007ff984d30000 - 0x00007ff984e3f000 	C:\Windows\System32\gdi32full.dll
0x00007ff984f20000 - 0x00007ff984fbd000 	C:\Windows\System32\msvcp_win.dll
0x00007ff987510000 - 0x00007ff987542000 	C:\Windows\System32\IMM32.DLL
0x00007ff940330000 - 0x00007ff9403cb000 	C:\Program Files\Amazon Corretto\jdk11.0.17_8\bin\msvcp140.dll
0x00007ff90c250000 - 0x00007ff90cdd5000 	C:\Program Files\Amazon Corretto\jdk11.0.17_8\bin\server\jvm.dll
0x00007ff985e80000 - 0x00007ff985f2e000 	C:\Windows\System32\ADVAPI32.dll
0x00007ff986830000 - 0x00007ff9868cc000 	C:\Windows\System32\sechost.dll
0x00007ff986940000 - 0x00007ff986a65000 	C:\Windows\System32\RPCRT4.dll
0x00007ff9864d0000 - 0x00007ff9864d8000 	C:\Windows\System32\PSAPI.DLL
0x00007ff96a6f0000 - 0x00007ff96a6f9000 	C:\Windows\SYSTEM32\WSOCK32.dll
0x00007ff970e20000 - 0x00007ff970e47000 	C:\Windows\SYSTEM32\WINMM.dll
0x00007ff97dd60000 - 0x00007ff97dd6a000 	C:\Windows\SYSTEM32\VERSION.dll
0x00007ff9874a0000 - 0x00007ff98750b000 	C:\Windows\System32\WS2_32.dll
0x00007ff9834e0000 - 0x00007ff9834f2000 	C:\Windows\SYSTEM32\kernel.appcore.dll
0x00007ff97d510000 - 0x00007ff97d520000 	C:\Program Files\Amazon Corretto\jdk11.0.17_8\bin\verify.dll
0x00007ff9828e0000 - 0x00007ff982ac4000 	C:\Windows\SYSTEM32\DBGHELP.DLL
0x00007ff96e3a0000 - 0x00007ff96e3cc000 	C:\Windows\SYSTEM32\dbgcore.DLL
0x00007ff984e90000 - 0x00007ff984f12000 	C:\Windows\System32\bcryptPrimitives.dll
0x00007ff951c00000 - 0x00007ff951c28000 	C:\Program Files\Amazon Corretto\jdk11.0.17_8\bin\java.dll
0x00007ff960640000 - 0x00007ff96064a000 	C:\Program Files\Amazon Corretto\jdk11.0.17_8\bin\jimage.dll
0x00007ff9805a0000 - 0x00007ff9805ae000 	C:\Program Files\Amazon Corretto\jdk11.0.17_8\bin\instrument.dll
0x00007ff95fed0000 - 0x00007ff95fee8000 	C:\Program Files\Amazon Corretto\jdk11.0.17_8\bin\zip.dll
0x00007ff985730000 - 0x00007ff985e73000 	C:\Windows\System32\SHELL32.dll
0x00007ff982d30000 - 0x00007ff9834c2000 	C:\Windows\SYSTEM32\windows.storage.dll
0x00007ff986b30000 - 0x00007ff986e84000 	C:\Windows\System32\combase.dll
0x00007ff9846f0000 - 0x00007ff984720000 	C:\Windows\SYSTEM32\Wldp.dll
0x00007ff986600000 - 0x00007ff9866ad000 	C:\Windows\System32\SHCORE.dll
0x00007ff9868d0000 - 0x00007ff986925000 	C:\Windows\System32\shlwapi.dll
0x00007ff984bd0000 - 0x00007ff984bef000 	C:\Windows\SYSTEM32\profapi.dll
0x00007ff95fd10000 - 0x00007ff95fd29000 	C:\Program Files\Amazon Corretto\jdk11.0.17_8\bin\net.dll
0x00007ff974c70000 - 0x00007ff974d7c000 	C:\Windows\SYSTEM32\WINHTTP.dll
0x00007ff984450000 - 0x00007ff9844ba000 	C:\Windows\system32\mswsock.dll
0x00007ff9503c0000 - 0x00007ff9503d3000 	C:\Program Files\Amazon Corretto\jdk11.0.17_8\bin\nio.dll
0x00007ff97d720000 - 0x00007ff97d73a000 	C:\Program Files\JetBrains\IntelliJ IDEA 2022.2.3\bin\breakgen64.dll
0x00000263fff40000 - 0x00000263fff43000 	C:\Users\alexa\.openjfx\cache\17.0.2-ea\api-ms-win-core-console-l1-1-0.dll
0x00000263fff50000 - 0x00000263fff53000 	C:\Users\alexa\.openjfx\cache\17.0.2-ea\api-ms-win-core-console-l1-2-0.dll
0x00000263fff60000 - 0x00000263fff63000 	C:\Users\alexa\.openjfx\cache\17.0.2-ea\api-ms-win-core-datetime-l1-1-0.dll
0x00000263fff70000 - 0x00000263fff73000 	C:\Users\alexa\.openjfx\cache\17.0.2-ea\api-ms-win-core-debug-l1-1-0.dll
0x00000263fff80000 - 0x00000263fff83000 	C:\Users\alexa\.openjfx\cache\17.0.2-ea\api-ms-win-core-errorhandling-l1-1-0.dll
0x00000263fff90000 - 0x00000263fff94000 	C:\Users\alexa\.openjfx\cache\17.0.2-ea\api-ms-win-core-file-l1-1-0.dll
0x00000263fffa0000 - 0x00000263fffa3000 	C:\Users\alexa\.openjfx\cache\17.0.2-ea\api-ms-win-core-file-l1-2-0.dll
0x00000263fffb0000 - 0x00000263fffb3000 	C:\Users\alexa\.openjfx\cache\17.0.2-ea\api-ms-win-core-file-l2-1-0.dll
0x00000263fffc0000 - 0x00000263fffc3000 	C:\Users\alexa\.openjfx\cache\17.0.2-ea\api-ms-win-core-handle-l1-1-0.dll
0x00000263fffd0000 - 0x00000263fffd3000 	C:\Users\alexa\.openjfx\cache\17.0.2-ea\api-ms-win-core-heap-l1-1-0.dll
0x00000263fffe0000 - 0x00000263fffe3000 	C:\Users\alexa\.openjfx\cache\17.0.2-ea\api-ms-win-core-interlocked-l1-1-0.dll
0x00000263ffff0000 - 0x00000263ffff3000 	C:\Users\alexa\.openjfx\cache\17.0.2-ea\api-ms-win-core-libraryloader-l1-1-0.dll
0x0000026394b50000 - 0x0000026394b53000 	C:\Users\alexa\.openjfx\cache\17.0.2-ea\api-ms-win-core-localization-l1-2-0.dll
0x0000026394b60000 - 0x0000026394b63000 	C:\Users\alexa\.openjfx\cache\17.0.2-ea\api-ms-win-core-memory-l1-1-0.dll
0x0000026394b70000 - 0x0000026394b73000 	C:\Users\alexa\.openjfx\cache\17.0.2-ea\api-ms-win-core-namedpipe-l1-1-0.dll
0x0000026394b80000 - 0x0000026394b83000 	C:\Users\alexa\.openjfx\cache\17.0.2-ea\api-ms-win-core-processenvironment-l1-1-0.dll
0x0000026394b90000 - 0x0000026394b93000 	C:\Users\alexa\.openjfx\cache\17.0.2-ea\api-ms-win-core-processthreads-l1-1-0.dll
0x0000026394ba0000 - 0x0000026394ba3000 	C:\Users\alexa\.openjfx\cache\17.0.2-ea\api-ms-win-core-processthreads-l1-1-1.dll
0x0000026394bb0000 - 0x0000026394bb3000 	C:\Users\alexa\.openjfx\cache\17.0.2-ea\api-ms-win-core-profile-l1-1-0.dll
0x0000026394bc0000 - 0x0000026394bc3000 	C:\Users\alexa\.openjfx\cache\17.0.2-ea\api-ms-win-core-rtlsupport-l1-1-0.dll
0x0000026394bd0000 - 0x0000026394bd3000 	C:\Users\alexa\.openjfx\cache\17.0.2-ea\api-ms-win-core-string-l1-1-0.dll
0x0000026394be0000 - 0x0000026394be3000 	C:\Users\alexa\.openjfx\cache\17.0.2-ea\api-ms-win-core-synch-l1-1-0.dll
0x0000026394bf0000 - 0x0000026394bf3000 	C:\Users\alexa\.openjfx\cache\17.0.2-ea\api-ms-win-core-synch-l1-2-0.dll
0x0000026394c00000 - 0x0000026394c03000 	C:\Users\alexa\.openjfx\cache\17.0.2-ea\api-ms-win-core-sysinfo-l1-1-0.dll
0x0000026394c10000 - 0x0000026394c13000 	C:\Users\alexa\.openjfx\cache\17.0.2-ea\api-ms-win-core-timezone-l1-1-0.dll
0x0000026394c20000 - 0x0000026394c23000 	C:\Users\alexa\.openjfx\cache\17.0.2-ea\api-ms-win-core-util-l1-1-0.dll
0x0000026394c30000 - 0x0000026394c33000 	C:\Users\alexa\.openjfx\cache\17.0.2-ea\api-ms-win-crt-conio-l1-1-0.dll
0x0000026394c40000 - 0x0000026394c44000 	C:\Users\alexa\.openjfx\cache\17.0.2-ea\api-ms-win-crt-convert-l1-1-0.dll
0x0000026394c50000 - 0x0000026394c53000 	C:\Users\alexa\.openjfx\cache\17.0.2-ea\api-ms-win-crt-environment-l1-1-0.dll
0x0000026394c60000 - 0x0000026394c63000 	C:\Users\alexa\.openjfx\cache\17.0.2-ea\api-ms-win-crt-filesystem-l1-1-0.dll
0x0000026394c70000 - 0x0000026394c73000 	C:\Users\alexa\.openjfx\cache\17.0.2-ea\api-ms-win-crt-heap-l1-1-0.dll
0x0000026394c80000 - 0x0000026394c83000 	C:\Users\alexa\.openjfx\cache\17.0.2-ea\api-ms-win-crt-locale-l1-1-0.dll
0x0000026394c90000 - 0x0000026394c95000 	C:\Users\alexa\.openjfx\cache\17.0.2-ea\api-ms-win-crt-math-l1-1-0.dll
0x0000026394ca0000 - 0x0000026394ca5000 	C:\Users\alexa\.openjfx\cache\17.0.2-ea\api-ms-win-crt-multibyte-l1-1-0.dll
0x0000026394cb0000 - 0x0000026394cc0000 	C:\Users\alexa\.openjfx\cache\17.0.2-ea\api-ms-win-crt-private-l1-1-0.dll
0x0000026394cc0000 - 0x0000026394cc3000 	C:\Users\alexa\.openjfx\cache\17.0.2-ea\api-ms-win-crt-process-l1-1-0.dll
0x0000026394cd0000 - 0x0000026394cd4000 	C:\Users\alexa\.openjfx\cache\17.0.2-ea\api-ms-win-crt-runtime-l1-1-0.dll
0x0000026394ce0000 - 0x0000026394ce4000 	C:\Users\alexa\.openjfx\cache\17.0.2-ea\api-ms-win-crt-stdio-l1-1-0.dll
0x0000026394cf0000 - 0x0000026394cf4000 	C:\Users\alexa\.openjfx\cache\17.0.2-ea\api-ms-win-crt-string-l1-1-0.dll
0x0000026394d00000 - 0x0000026394d03000 	C:\Users\alexa\.openjfx\cache\17.0.2-ea\api-ms-win-crt-time-l1-1-0.dll
0x0000026394d10000 - 0x0000026394d13000 	C:\Users\alexa\.openjfx\cache\17.0.2-ea\api-ms-win-crt-utility-l1-1-0.dll
0x00007ff92f670000 - 0x00007ff92f76c000 	C:\Users\alexa\.openjfx\cache\17.0.2-ea\ucrtbase.dll
0x00007ff97d6f0000 - 0x00007ff97d70a000 	C:\Users\alexa\.openjfx\cache\17.0.2-ea\vcruntime140.dll
0x00007ff97d6e0000 - 0x00007ff97d6ec000 	C:\Users\alexa\.openjfx\cache\17.0.2-ea\vcruntime140_1.dll
0x00007ff93c760000 - 0x00007ff93c7ed000 	C:\Users\alexa\.openjfx\cache\17.0.2-ea\msvcp140.dll
0x00007ff94fd00000 - 0x00007ff94fd2a000 	C:\Users\alexa\.openjfx\cache\17.0.2-ea\prism_d3d.dll
0x00007ff975480000 - 0x00007ff97564f000 	C:\Windows\system32\d3d9.dll
0x00007ff9824c0000 - 0x00007ff9824ef000 	C:\Windows\SYSTEM32\dwmapi.dll
0x00007ff982240000 - 0x00007ff9822de000 	C:\Windows\system32\uxtheme.dll
0x00007ff986040000 - 0x00007ff98616a000 	C:\Windows\System32\ole32.dll
0x00007ff9866b0000 - 0x00007ff98677d000 	C:\Windows\System32\OLEAUT32.dll
0x00007ff984e40000 - 0x00007ff984e8e000 	C:\Windows\System32\cfgmgr32.dll
0x00007ff985450000 - 0x00007ff985477000 	C:\Windows\System32\bcrypt.dll
0x00007ff946b90000 - 0x00007ff946bd2000 	C:\Users\alexa\.openjfx\cache\17.0.2-ea\glass.dll
0x00007ff985f30000 - 0x00007ff98600a000 	C:\Windows\System32\COMDLG32.dll
0x00007ff9864e0000 - 0x00007ff9865f5000 	C:\Windows\System32\MSCTF.dll
0x00007ff984640000 - 0x00007ff984658000 	C:\Windows\SYSTEM32\CRYPTSP.dll
0x00007ff983d00000 - 0x00007ff983d34000 	C:\Windows\system32\rsaenh.dll
0x00007ff984660000 - 0x00007ff98466c000 	C:\Windows\SYSTEM32\CRYPTBASE.dll
0x00007ff97a000000 - 0x00007ff97a03b000 	C:\Windows\SYSTEM32\dxcore.dll
0x00007ff9605b0000 - 0x00007ff9605c4000 	C:\Users\alexa\.openjfx\cache\17.0.2-ea\javafx_font.dll
0x00007ff94f210000 - 0x00007ff94f48f000 	C:\Windows\SYSTEM32\dwrite.dll
0x00007ff986780000 - 0x00007ff98682f000 	C:\Windows\System32\clbcatq.dll
0x00007ff97b5e0000 - 0x00007ff97b794000 	C:\Windows\SYSTEM32\WindowsCodecs.dll
0x00007ff9506c0000 - 0x00007ff9506fe000 	C:\Windows\system32\dataexchange.dll
0x00007ff980770000 - 0x00007ff9809d3000 	C:\Windows\system32\d3d11.dll
0x00007ff981560000 - 0x00007ff981743000 	C:\Windows\system32\dcomp.dll
0x00007ff983550000 - 0x00007ff983643000 	C:\Windows\system32\dxgi.dll
0x00007ff97c980000 - 0x00007ff97cb80000 	C:\Windows\system32\twinapi.appcore.dll
0x00007ff940f30000 - 0x00007ff940f64000 	C:\Program Files\Common Files\Microsoft Shared\Ink\rtscom.dll
0x00007ff95ac90000 - 0x00007ff95ad89000 	C:\Windows\SYSTEM32\textinputframework.dll
0x00007ff981e30000 - 0x00007ff981f22000 	C:\Windows\System32\CoreMessaging.dll
0x00007ff981ad0000 - 0x00007ff981e2e000 	C:\Windows\System32\CoreUIComponents.dll
0x00007ff983e20000 - 0x00007ff983e53000 	C:\Windows\SYSTEM32\ntmarta.dll
0x00007ff981400000 - 0x00007ff981554000 	C:\Windows\SYSTEM32\wintypes.dll
0x00007ff984140000 - 0x00007ff98420a000 	C:\Windows\SYSTEM32\DNSAPI.dll
0x00007ff9840f0000 - 0x00007ff98412b000 	C:\Windows\SYSTEM32\IPHLPAPI.DLL
0x00007ff986930000 - 0x00007ff986938000 	C:\Windows\System32\NSI.dll
0x000000006a560000 - 0x000000006a586000 	C:\Program Files\Bonjour\mdnsNSP.dll
0x00007ff97d670000 - 0x00007ff97d67a000 	C:\Windows\System32\rasadhlp.dll
0x00007ff972f10000 - 0x00007ff972f90000 	C:\Windows\System32\fwpuclnt.dll
0x00007ff980520000 - 0x00007ff98052e000 	C:\Program Files\Amazon Corretto\jdk11.0.17_8\bin\sunmscapi.dll

dbghelp: loaded successfully - version: 4.0.5 - missing functions: none
symbol engine: initialized successfully - sym options: 0x614 - pdb path: .;C:\Program Files\Amazon Corretto\jdk11.0.17_8\bin;C:\Windows\SYSTEM32;C:\Windows\WinSxS\amd64_microsoft.windows.common-controls_6595b64144ccf1df_6.0.19041.1110_none_60b5254171f9507e;C:\Program Files\Amazon Corretto\jdk11.0.17_8\bin\server;C:\Program Files\JetBrains\IntelliJ IDEA 2022.2.3\bin;C:\Users\alexa\.openjfx\cache\17.0.2-ea;C:\Windows\System32\DriverStore\FileRepository\iigd_dch.inf_amd64_e6980897e3126266;C:\Program Files\Common Files\Microsoft Shared\Ink;C:\Program Files\Bonjour

VM Arguments:
jvm_args: -javaagent:C:\Program Files\JetBrains\IntelliJ IDEA 2022.2.3\lib\idea_rt.jar=51472:C:\Program Files\JetBrains\IntelliJ IDEA 2022.2.3\bin -Dfile.encoding=UTF-8 --module-path=C:\Users\alexa\.m2\repository\org\openjfx\javafx-graphics\17.0.2\javafx-graphics-17.0.2-win.jar;C:\Users\alexa\.m2\repository\org\openjfx\javafx-fxml\17.0.2\javafx-fxml-17.0.2-win.jar;C:\Users\alexa\Projects\mysql-connector-j-8.0.31\mysql-connector-j-8.0.31.jar;C:\Users\alexa\Projects\json-20220924.jar;C:\Users\alexa\.m2\repository\org\json\json\20220924\json-20220924.jar;C:\Users\alexa\.m2\repository\org\openjfx\javafx-controls\17.0.2\javafx-controls-17.0.2-win.jar;C:\Users\alexa\IdeaProjects\FirstFX\target\classes;C:\Users\alexa\.m2\repository\org\openjfx\javafx-base\17.0.2\javafx-base-17.0.2-win.jar -Djdk.module.main=com.example.firstfx 
java_command: com.example.firstfx/com.example.firstfx.HelloApplication
java_class_path (initial): C:\Users\alexa\.m2\repository\org\openjfx\javafx-controls\17.0.2\javafx-controls-17.0.2.jar;C:\Users\alexa\.m2\repository\org\openjfx\javafx-graphics\17.0.2\javafx-graphics-17.0.2.jar;C:\Users\alexa\.m2\repository\org\openjfx\javafx-base\17.0.2\javafx-base-17.0.2.jar;C:\Users\alexa\.m2\repository\org\openjfx\javafx-fxml\17.0.2\javafx-fxml-17.0.2.jar;C:\Users\alexa\.m2\repository\org\jetbrains\kotlin\kotlin-stdlib-jdk8\1.5.31\kotlin-stdlib-jdk8-1.5.31.jar;C:\Users\alexa\.m2\repository\org\jetbrains\kotlin\kotlin-stdlib\1.5.31\kotlin-stdlib-1.5.31.jar;C:\Users\alexa\.m2\repository\org\jetbrains\annotations\13.0\annotations-13.0.jar;C:\Users\alexa\.m2\repository\org\jetbrains\kotlin\kotlin-stdlib-common\1.5.31\kotlin-stdlib-common-1.5.31.jar;C:\Users\alexa\.m2\repository\org\jetbrains\kotlin\kotlin-stdlib-jdk7\1.5.31\kotlin-stdlib-jdk7-1.5.31.jar;C:\Users\alexa\.m2\repository\com\vaadin\external\google\android-json\0.0.20131108.vaadin1\android-json-0.0.20131108.vaadin1.jar;C:\Users\alexa\.m2\repository\net\minidev\json-smart\2.4.8\json-smart-2.4.8.jar;C:\Users\alexa\.m2\repository\net\minidev\accessors-smart\2.4.8\accessors-smart-2.4.8.jar;C:\Users\alexa\.m2\repository\org\ow2\asm\asm\9.1\asm-9.1.jar
Launcher Type: SUN_STANDARD

[Global flags]
     intx CICompilerCount                          = 4                                         {product} {ergonomic}
     uint ConcGCThreads                            = 2                                         {product} {ergonomic}
     uint G1ConcRefinementThreads                  = 8                                         {product} {ergonomic}
   size_t G1HeapRegionSize                         = 1048576                                   {product} {ergonomic}
    uintx GCDrainStackTargetSize                   = 64                                        {product} {ergonomic}
   size_t InitialHeapSize                          = 132120576                                 {product} {ergonomic}
   size_t MarkStackSize                            = 4194304                                   {product} {ergonomic}
   size_t MaxHeapSize                              = 2113929216                                {product} {ergonomic}
   size_t MaxNewSize                               = 1267728384                                {product} {ergonomic}
   size_t MinHeapDeltaBytes                        = 1048576                                   {product} {ergonomic}
    uintx NonNMethodCodeHeapSize                   = 5836300                                {pd product} {ergonomic}
    uintx NonProfiledCodeHeapSize                  = 122910970                              {pd product} {ergonomic}
    uintx ProfiledCodeHeapSize                     = 122910970                              {pd product} {ergonomic}
    uintx ReservedCodeCacheSize                    = 251658240                              {pd product} {ergonomic}
     bool SegmentedCodeCache                       = true                                      {product} {ergonomic}
     bool UseCompressedClassPointers               = true                                 {lp64_product} {ergonomic}
     bool UseCompressedOops                        = true                                 {lp64_product} {ergonomic}
     bool UseG1GC                                  = true                                      {product} {ergonomic}
     bool UseLargePagesIndividualAllocation        = false                                  {pd product} {ergonomic}

Logging:
Log output configuration:
 #0: stdout all=warning uptime,level,tags
 #1: stderr all=off uptime,level,tags

Environment Variables:
JAVA_HOME=C:\Program Files\Amazon Corretto\jdk11.0.17_8
PATH=C:\Program Files\Amazon Corretto\jdk11.0.17_8\bin;C:\Windows\system32;C:\Windows;C:\Windows\System32\Wbem;C:\Windows\System32\WindowsPowerShell\v1.0\;C:\Windows\System32\OpenSSH\;C:\Program Files (x86)\NVIDIA Corporation\PhysX\Common;C:\Program Files\NVIDIA Corporation\NVIDIA NvDLISR;C:\Program Files\PostgreSQL\14\bin;C:\Program Files\dotnet\;C:\Program Files\Microsoft SQL Server\Client SDK\ODBC\110\Tools\Binn\;C:\Program Files (x86)\Microsoft SQL Server\120\Tools\Binn\;C:\Program Files\Microsoft SQL Server\120\Tools\Binn\;C:\Program Files\Microsoft SQL Server\120\DTS\Binn\;C:\Program Files (x86)\Windows Kits\8.1\Windows Performance Toolkit\;C:\Program Files\Git\cmd;C:\Program Files\MySQL\MySQL Shell 8.0\bin\;C:\Users\alexa\AppData\Local\Programs\Python\Python310\Scripts\;C:\Users\alexa\AppData\Local\Programs\Python\Python310\;C:\Users\alexa\AppData\Local\Microsoft\WindowsApps;;C:\Program Files\JetBrains\PyCharm Community Edition 2022.1\bin;;C:\Program Files\JetBrains\IntelliJ IDEA Community Edition 2022.2.3\bin;;C:\Program Files\JetBrains\IntelliJ IDEA 2022.2.3\bin;
USERNAME=alexa
OS=Windows_NT
PROCESSOR_IDENTIFIER=Intel64 Family 6 Model 165 Stepping 2, GenuineIntel
TMP=C:\Users\alexa\AppData\Local\Temp
TEMP=C:\Users\alexa\AppData\Local\Temp



---------------  S Y S T E M  ---------------

OS: Windows 10 , 64 bit Build 19041 (10.0.19041.2251)
OS uptime: 7 days 3:59 hours

CPU:total 8 (initial active 8) (4 cores per cpu, 2 threads per core) family 6 model 165 stepping 2 microcode 0xea, cmov, cx8, fxsr, mmx, sse, sse2, sse3, ssse3, sse4.1, sse4.2, popcnt, avx, avx2, aes, clmul, erms, 3dnowpref, lzcnt, ht, tsc, tscinvbit, bmi1, bmi2, adx, fma

Memory: 4k page, system-wide physical 8059M (418M free)
TotalPageFile size 30642M (AvailPageFile size 9534M)
current process WorkingSet (physical memory assigned to process): 215M, peak: 250M
current process commit charge ("private bytes"): 299M, peak: 345M

vm_info: OpenJDK 64-Bit Server VM (11.0.17+8-LTS) for windows-amd64 JRE (11.0.17+8-LTS), built on Oct 14 2022 18:02:01 by "Administrator" with MS VC++ 15.9 (VS2017)

END.
